d:\jorge\desarrollo de videojuegos-2\tpv\pacmanherencia\tpvherencia\holasdl\debug\vc141.pdb
d:\jorge\desarrollo de videojuegos-2\tpv\pacmanherencia\tpvherencia\holasdl\debug\vc141.idb
d:\jorge\desarrollo de videojuegos-2\tpv\pacmanherencia\tpvherencia\holasdl\debug\fantasma.obj
d:\jorge\desarrollo de videojuegos-2\tpv\pacmanherencia\tpvherencia\holasdl\debug\game.obj
d:\jorge\desarrollo de videojuegos-2\tpv\pacmanherencia\tpvherencia\holasdl\debug\gamemap.obj
d:\jorge\desarrollo de videojuegos-2\tpv\pacmanherencia\tpvherencia\holasdl\debug\main.obj
d:\jorge\desarrollo de videojuegos-2\tpv\pacmanherencia\tpvherencia\holasdl\debug\pacman.obj
d:\jorge\desarrollo de videojuegos-2\tpv\pacmanherencia\tpvherencia\holasdl\debug\personaje.obj
d:\jorge\desarrollo de videojuegos-2\tpv\pacmanherencia\tpvherencia\holasdl\debug\texture.obj
c:\users\guillermo\desktop\tpvherencia-master\holasdl\debug\vc141.pdb
c:\users\guillermo\desktop\tpvherencia-master\holasdl\debug\vc141.idb
c:\users\guillermo\desktop\tpvherencia-master\holasdl\debug\texture.obj
d:\jorge\desarrollo de videojuegos-2\tpv\pacmanherencia\tpvherencia\bin\holasdldebug.exe
d:\jorge\desarrollo de videojuegos-2\tpv\pacmanherencia\tpvherencia\bin\holasdldebug.ilk
d:\jorge\desarrollo de videojuegos-2\tpv\pacmanherencia\tpvherencia\bin\holasdldebug.pdb
c:\users\guillermo\desktop\tpvherencia-master\holasdl\debug\game.obj.enc
c:\users\guillermo\desktop\tpvherencia-master\holasdl\debug\gamemap.obj.enc
c:\users\guillermo\desktop\tpvherencia-master\holasdl\debug\main.obj.enc
c:\users\guillermo\desktop\tpvherencia-master\holasdl\debug\vc120.idb
c:\users\guillermo\desktop\tpvherencia-master\holasdl\debug\vc140.idb
c:\users\guillermo\desktop\tpvherencia-master\holasdl\debug\vc120.pdb
c:\users\guillermo\desktop\tpvherencia-master\holasdl\debug\vc140.pdb
c:\users\guillermo\desktop\tpvherencia-master\bin\holasdldebug.pdb
c:\users\guillermo\desktop\tpvherencia-master\bin\holasdldebug.exe
c:\users\guillermo\desktop\tpvherencia-master\bin\holasdldebug.ilk
c:\users\guillermo\desktop\tpvherencia-master\holasdl\debug\holasdl.tlog\cl.command.1.tlog
c:\users\guillermo\desktop\tpvherencia-master\holasdl\debug\holasdl.tlog\cl.read.1.tlog
c:\users\guillermo\desktop\tpvherencia-master\holasdl\debug\holasdl.tlog\cl.write.1.tlog
c:\users\guillermo\desktop\tpvherencia-master\holasdl\debug\holasdl.tlog\link.command.1.tlog
c:\users\guillermo\desktop\tpvherencia-master\holasdl\debug\holasdl.tlog\link.delete.1.tlog
c:\users\guillermo\desktop\tpvherencia-master\holasdl\debug\holasdl.tlog\link.read.1.tlog
c:\users\guillermo\desktop\tpvherencia-master\holasdl\debug\holasdl.tlog\link.write.1.tlog
